15/11/2018 12:02:37 PM - Listening on folder D:\INSIGHT\Searches
15/11/2018 12:03:37 PM - Listening on folder D:\INSIGHT\Searches
15/11/2018 12:04:37 PM - Listening on folder D:\INSIGHT\Searches
15/11/2018 12:05:37 PM - Listening on folder D:\INSIGHT\Searches
15/11/2018 12:06:37 PM - Listening on folder D:\INSIGHT\Searches
15/11/2018 12:07:37 PM - Listening on folder D:\INSIGHT\Searches
15/11/2018 12:08:37 PM - Listening on folder D:\INSIGHT\Searches
15/11/2018 12:09:37 PM - Listening on folder D:\INSIGHT\Searches
15/11/2018 12:10:37 PM - Listening on folder D:\INSIGHT\Searches
15/11/2018 12:11:37 PM - Listening on folder D:\INSIGHT\Searches
15/11/2018 12:12:37 PM - Listening on folder D:\INSIGHT\Searches
15/11/2018 12:13:37 PM - Listening on folder D:\INSIGHT\Searches
15/11/2018 12:14:37 PM - Listening on folder D:\INSIGHT\Searches
15/11/2018 12:15:37 PM - Listening on folder D:\INSIGHT\Searches
15/11/2018 12:16:37 PM - Listening on folder D:\INSIGHT\Searches
11/15/2018 12:37:45 PM - Listening on folder D:\INSIGHT\Searches
11/15/2018 12:41:09 PM - Listening on folder D:\INSIGHT\Searches
11/15/2018 12:42:25 PM - Listening on folder D:\INSIGHT\Searches
11/15/2018 12:43:20 PM - Listening on folder D:\INSIGHT\Searches
11/15/2018 12:43:55 PM - Listening on folder D:\INSIGHT\Searches
11/15/2018 12:44:10 PM - D:\DATA\Matters\666\VIC  Certificate - Register Search Statement Volume 8936 Folio 569.pdf
11/15/2018 12:44:10 PM - Getting Login details
11/15/2018 12:44:10 PM - About to start download
11/15/2018 12:44:10 PM - About to start download of D:\DATA\Matters\666\VIC  Certificate - Register Search Statement Volume 8936 Folio 569.pdf
11/15/2018 12:44:11 PM - About to save document
11/15/2018 12:44:57 PM - GetUniqueXMLFileName: D:\INSIGHT\Searches\Saved_Searches\160e5071-d45d-4659-932a-2376dac9e7d2.xml
11/15/2018 12:44:57 PM - GetUniqueXMLFileName: D:\INSIGHT\Searches\Saved_Searches\23d4dff2-7013-4bc9-b7c8-64b30a98158c.xml
11/15/2018 12:44:57 PM - GetUniqueXMLFileName: D:\INSIGHT\Searches\Saved_Searches\4a4d09d2-84fc-4919-b2e6-776497e27226.xml
11/15/2018 12:44:58 PM - GetUniqueXMLFileName: D:\INSIGHT\Searches\Saved_Searches\8b17f867-108f-48ea-8b65-057c2cf1df1a.xml
11/15/2018 12:44:58 PM - GetUniqueXMLFileName: D:\INSIGHT\Searches\Saved_Searches\b8a92f61-633d-4c43-86d7-e9579650558c.xml
11/15/2018 12:45:02 PM - Listening on folder D:\INSIGHT\Searches
11/15/2018 12:47:35 PM - Listening on folder D:\INSIGHT\Searches
11/15/2018 12:48:03 PM - D:\DATA\Matters\666\VIC  Instrument Image - AQ195487P.pdf
11/15/2018 12:48:03 PM - Getting Login details
11/15/2018 12:48:03 PM - About to start download
11/15/2018 12:48:03 PM - About to start download of D:\DATA\Matters\666\VIC  Instrument Image - AQ195487P.pdf
11/15/2018 12:48:04 PM - About to save document
11/15/2018 12:48:05 PM - D:\DATA\Matters\666\VIC  Certificate - Instrument Search AQ195487P  (AGREEMENT).pdf
11/15/2018 12:48:05 PM - Getting Login details
11/15/2018 12:48:05 PM - About to start download
11/15/2018 12:48:05 PM - About to start download of D:\DATA\Matters\666\VIC  Certificate - Instrument Search AQ195487P  (AGREEMENT).pdf
11/15/2018 12:48:05 PM - About to save document
11/15/2018 12:48:05 PM - D:\DATA\Matters\666\VIC  Certificate - Register Search Statement Volume 8936 Folio 569.pdf
11/15/2018 12:48:05 PM - Getting Login details
11/15/2018 12:48:05 PM - About to start download
11/15/2018 12:48:05 PM - About to start download of D:\DATA\Matters\666\VIC  Certificate - Register Search Statement Volume 8936 Folio 569.pdf
11/15/2018 12:48:11 PM - GetUniqueXMLFileName: D:\INSIGHT\Searches\Saved_Searches\160e5071-d45d-4659-932a-2376dac9e7d2.xml
11/15/2018 12:48:11 PM - GetUniqueXMLFileName: D:\INSIGHT\Searches\Saved_Searches\23d4dff2-7013-4bc9-b7c8-64b30a98158c.xml
11/15/2018 12:48:11 PM - GetUniqueXMLFileName: D:\INSIGHT\Searches\Saved_Searches\249866b4-fec2-4e53-90bb-363b5faf224c.xml
11/15/2018 12:48:11 PM - GetUniqueXMLFileName: D:\INSIGHT\Searches\Saved_Searches\4a4d09d2-84fc-4919-b2e6-776497e27226.xml
11/15/2018 12:48:11 PM - GetUniqueXMLFileName: D:\INSIGHT\Searches\Saved_Searches\7657178c-c140-4896-9e7a-1f0c062640e7.xml
11/15/2018 12:48:11 PM - GetUniqueXMLFileName: D:\INSIGHT\Searches\Saved_Searches\76e7811d-3b1e-49b5-b413-92f3a383d9b2.xml
11/15/2018 12:48:11 PM - GetUniqueXMLFileName: D:\INSIGHT\Searches\Saved_Searches\8b17f867-108f-48ea-8b65-057c2cf1df1a.xml
11/15/2018 12:48:11 PM - GetUniqueXMLFileName: D:\INSIGHT\Searches\Saved_Searches\99efc653-e254-4419-b7be-18f69a1d316d.xml
11/15/2018 12:48:12 PM - GetUniqueXMLFileName: D:\INSIGHT\Searches\Saved_Searches\af0b4c88-ec96-497f-95c3-28db9629794b.xml
11/15/2018 12:48:12 PM - GetUniqueXMLFileName: D:\INSIGHT\Searches\Saved_Searches\b8a92f61-633d-4c43-86d7-e9579650558c.xml
11/15/2018 12:48:12 PM - GetUniqueXMLFileName: D:\INSIGHT\Searches\Saved_Searches\e48a5c7a-68b9-4864-abc2-eaf446540ffe.xml
11/15/2018 12:48:12 PM - Listening on folder D:\INSIGHT\Searches
11/15/2018 12:48:45 PM - Listening on folder D:\INSIGHT\Searches
11/15/2018 12:49:18 PM - Listening on folder D:\INSIGHT\Searches
11/15/2018 12:49:55 PM - Listening on folder D:\INSIGHT\Searches
11/15/2018 12:50:10 PM - D:\DATA\Matters\666\VIC  Instrument Image - AQ195487P.pdf
11/15/2018 12:50:10 PM - Getting Login details
11/15/2018 12:50:10 PM - About to start download
11/15/2018 12:50:10 PM - About to start download of D:\DATA\Matters\666\VIC  Instrument Image - AQ195487P.pdf
11/15/2018 12:50:10 PM - D:\DATA\Matters\666\VIC  Certificate - Instrument Search AQ195487P  (AGREEMENT).pdf
11/15/2018 12:50:10 PM - Getting Login details
11/15/2018 12:50:10 PM - About to start download
11/15/2018 12:50:10 PM - About to start download of D:\DATA\Matters\666\VIC  Certificate - Instrument Search AQ195487P  (AGREEMENT).pdf
11/15/2018 12:50:10 PM - D:\DATA\Matters\666\VIC  Certificate - Register Search Statement Volume 8936 Folio 569.pdf
11/15/2018 12:50:10 PM - Getting Login details
11/15/2018 12:50:10 PM - About to start download
11/15/2018 12:50:10 PM - About to start download of D:\DATA\Matters\666\VIC  Certificate - Register Search Statement Volume 8936 Folio 569.pdf
11/15/2018 12:50:27 PM - GetUniqueXMLFileName: D:\INSIGHT\Searches\Saved_Searches\160e5071-d45d-4659-932a-2376dac9e7d2.xml
11/15/2018 12:50:27 PM - GetUniqueXMLFileName: D:\INSIGHT\Searches\Saved_Searches\23d4dff2-7013-4bc9-b7c8-64b30a98158c.xml
11/15/2018 12:50:27 PM - GetUniqueXMLFileName: D:\INSIGHT\Searches\Saved_Searches\249866b4-fec2-4e53-90bb-363b5faf224c.xml
11/15/2018 12:50:27 PM - GetUniqueXMLFileName: D:\INSIGHT\Searches\Saved_Searches\4a4d09d2-84fc-4919-b2e6-776497e27226.xml
11/15/2018 12:50:27 PM - GetUniqueXMLFileName: D:\INSIGHT\Searches\Saved_Searches\7657178c-c140-4896-9e7a-1f0c062640e7.xml
11/15/2018 12:50:27 PM - GetUniqueXMLFileName: D:\INSIGHT\Searches\Saved_Searches\76e7811d-3b1e-49b5-b413-92f3a383d9b2.xml
11/15/2018 12:50:27 PM - GetUniqueXMLFileName: D:\INSIGHT\Searches\Saved_Searches\8b17f867-108f-48ea-8b65-057c2cf1df1a.xml
11/15/2018 12:50:27 PM - GetUniqueXMLFileName: D:\INSIGHT\Searches\Saved_Searches\99efc653-e254-4419-b7be-18f69a1d316d.xml
11/15/2018 12:50:27 PM - GetUniqueXMLFileName: D:\INSIGHT\Searches\Saved_Searches\af0b4c88-ec96-497f-95c3-28db9629794b.xml
11/15/2018 12:50:28 PM - GetUniqueXMLFileName: D:\INSIGHT\Searches\Saved_Searches\b8a92f61-633d-4c43-86d7-e9579650558c.xml
11/15/2018 12:50:28 PM - GetUniqueXMLFileName: D:\INSIGHT\Searches\Saved_Searches\e48a5c7a-68b9-4864-abc2-eaf446540ffe.xml
11/15/2018 12:50:28 PM - Listening on folder D:\INSIGHT\Searches
11/15/2018 12:51:01 PM - Listening on folder D:\INSIGHT\Searches
11/15/2018 12:51:31 PM - Listening on folder D:\INSIGHT\Searches
11/15/2018 12:52:01 PM - Listening on folder D:\INSIGHT\Searches
11/15/2018 12:52:31 PM - Listening on folder D:\INSIGHT\Searches
11/15/2018 12:53:01 PM - Listening on folder D:\INSIGHT\Searches
11/15/2018 12:53:31 PM - Listening on folder D:\INSIGHT\Searches
11/15/2018 12:54:01 PM - Listening on folder D:\INSIGHT\Searches
11/15/2018 12:54:31 PM - Listening on folder D:\INSIGHT\Searches
11/15/2018 12:55:01 PM - Listening on folder D:\INSIGHT\Searches
11/15/2018 12:55:31 PM - Listening on folder D:\INSIGHT\Searches
11/15/2018 12:56:01 PM - Listening on folder D:\INSIGHT\Searches
11/15/2018 12:56:31 PM - Listening on folder D:\INSIGHT\Searches
11/15/2018 12:57:01 PM - Listening on folder D:\INSIGHT\Searches
11/15/2018 2:06:42 PM - Listening on folder D:\INSIGHT\Searches
11/15/2018 2:06:43 PM - Listening on folder D:\INSIGHT\Searches
11/15/2018 2:06:44 PM - Listening on folder D:\INSIGHT\Searches
11/15/2018 2:06:45 PM - Listening on folder D:\INSIGHT\Searches
11/15/2018 2:06:46 PM - Listening on folder D:\INSIGHT\Searches
11/15/2018 2:06:47 PM - Listening on folder D:\INSIGHT\Searches
11/15/2018 2:06:48 PM - Listening on folder D:\INSIGHT\Searches
11/15/2018 2:06:49 PM - Listening on folder D:\INSIGHT\Searches
11/15/2018 2:06:50 PM - Listening on folder D:\INSIGHT\Searches
11/15/2018 2:06:51 PM - Listening on folder D:\INSIGHT\Searches
11/15/2018 2:06:52 PM - Listening on folder D:\INSIGHT\Searches
11/15/2018 2:06:53 PM - Listening on folder D:\INSIGHT\Searches
11/15/2018 2:08:16 PM - Listening on folder D:\INSIGHT\Searches
11/15/2018 2:09:26 PM - Listening on folder D:\INSIGHT\Searches
11/15/2018 2:09:52 PM - Listening on folder D:\INSIGHT\Searches
11/15/2018 2:10:20 PM - Listening on folder D:\INSIGHT\Searches
11/15/2018 2:10:40 PM - Listening on folder D:\INSIGHT\Searches
11/15/2018 2:11:00 PM - Listening on folder D:\INSIGHT\Searches
11/15/2018 2:11:20 PM - Listening on folder D:\INSIGHT\Searches
11/15/2018 2:11:40 PM - Listening on folder D:\INSIGHT\Searches
