11/15/2018 11:37:51 AM - Parameter InsightiTrackWatcher
11/15/2018 11:37:51 AM - Listening on folder D:\INSIGHT\Searches
11/15/2018 1:07:23 PM - Listening on folder D:\INSIGHT\Searches
11/15/2018 1:07:53 PM - Listening on folder D:\INSIGHT\Searches
11/15/2018 1:08:23 PM - Listening on folder D:\INSIGHT\Searches
11/15/2018 1:08:53 PM - Listening on folder D:\INSIGHT\Searches
11/15/2018 1:09:23 PM - Listening on folder D:\INSIGHT\Searches
11/15/2018 1:09:53 PM - Listening on folder D:\INSIGHT\Searches
11/15/2018 1:10:23 PM - D:\DATA\Matters\666\VIC  Certificate - Instrument Search AQ195487P  (AGREEMENT).pdf
11/15/2018 1:10:23 PM - Getting Login details
11/15/2018 1:10:23 PM - About to start download
11/15/2018 1:10:23 PM - About to start download of D:\DATA\Matters\666\VIC  Certificate - Instrument Search AQ195487P  (AGREEMENT).pdf
11/15/2018 1:10:23 PM - GetUniqueXMLFileName: D:\INSIGHT\Searches\Saved_Searches\e48a5c7a-68b9-4864-abc2-eaf446540ffe.xml
11/15/2018 1:10:23 PM - BaseFileName: e48a5c7a-68b9-4864-abc2-eaf446540ffe
11/15/2018 1:10:23 PM - Repeating until found: D:\INSIGHT\Searches\Saved_Searches\e48a5c7a-68b9-4864-abc2-eaf446540ffe.xml
11/15/2018 1:10:23 PM - Repeating until found: D:\INSIGHT\Searches\Saved_Searches\e48a5c7a-68b9-4864-abc2-eaf446540ffe_1.xml
11/15/2018 1:10:23 PM - Listening on folder D:\INSIGHT\Searches
11/15/2018 1:10:53 PM - Listening on folder D:\INSIGHT\Searches
11/15/2018 1:11:23 PM - Listening on folder D:\INSIGHT\Searches
11/15/2018 1:11:53 PM - Listening on folder D:\INSIGHT\Searches
11/15/2018 1:12:23 PM - Listening on folder D:\INSIGHT\Searches
11/15/2018 1:12:53 PM - Listening on folder D:\INSIGHT\Searches
11/15/2018 1:13:23 PM - Listening on folder D:\INSIGHT\Searches
11/15/2018 1:13:53 PM - Listening on folder D:\INSIGHT\Searches
11/15/2018 1:14:23 PM - Listening on folder D:\INSIGHT\Searches
11/15/2018 1:14:53 PM - Listening on folder D:\INSIGHT\Searches
11/15/2018 1:15:23 PM - Listening on folder D:\INSIGHT\Searches
11/15/2018 1:15:53 PM - Listening on folder D:\INSIGHT\Searches
11/15/2018 1:16:23 PM - Listening on folder D:\INSIGHT\Searches
11/15/2018 1:16:53 PM - GetUniqueXMLFileName: D:\INSIGHT\Searches\Saved_Searches\4a4d09d2-84fc-4919-b2e6-776497e27226.xml
11/15/2018 1:16:53 PM - BaseFileName: 4a4d09d2-84fc-4919-b2e6-776497e27226
11/15/2018 1:16:53 PM - Repeating until found: D:\INSIGHT\Searches\Saved_Searches\4a4d09d2-84fc-4919-b2e6-776497e27226.xml
11/15/2018 1:16:53 PM - Repeating until found: D:\INSIGHT\Searches\Saved_Searches\4a4d09d2-84fc-4919-b2e6-776497e27226_1.xml
11/15/2018 1:16:54 PM - Listening on folder D:\INSIGHT\Searches
11/15/2018 1:17:24 PM - Listening on folder D:\INSIGHT\Searches
11/15/2018 1:17:54 PM - D:\DATA\Matters\666\VIC  Instrument Image - AQ195487P.pdf
11/15/2018 1:17:54 PM - Getting Login details
11/15/2018 1:17:54 PM - About to start download
11/15/2018 1:17:54 PM - About to start download of D:\DATA\Matters\666\VIC  Instrument Image - AQ195487P.pdf
11/15/2018 1:17:54 PM - GetUniqueXMLFileName: D:\INSIGHT\Searches\Saved_Searches\249866b4-fec2-4e53-90bb-363b5faf224c.xml
11/15/2018 1:17:54 PM - BaseFileName: 249866b4-fec2-4e53-90bb-363b5faf224c
11/15/2018 1:17:54 PM - Repeating until found: D:\INSIGHT\Searches\Saved_Searches\249866b4-fec2-4e53-90bb-363b5faf224c.xml
11/15/2018 1:17:54 PM - Repeating until found: D:\INSIGHT\Searches\Saved_Searches\249866b4-fec2-4e53-90bb-363b5faf224c_1.xml
11/15/2018 1:17:54 PM - Listening on folder D:\INSIGHT\Searches
11/15/2018 1:18:24 PM - Listening on folder D:\INSIGHT\Searches
11/15/2018 1:18:54 PM - Listening on folder D:\INSIGHT\Searches
11/15/2018 1:19:24 PM - Listening on folder D:\INSIGHT\Searches
11/15/2018 1:19:54 PM - Listening on folder D:\INSIGHT\Searches
